0 info it worked if it ends with ok
1 verbose cli [ 'node',
1 verbose cli   '/usr/local/bin/npm',
1 verbose cli   'install',
1 verbose cli   '-g',
1 verbose cli   'generator-generator' ]
2 info using npm@1.3.24
3 info using node@v0.10.25
4 verbose cache add [ 'generator-generator', null ]
5 verbose cache add name=undefined spec="generator-generator" args=["generator-generator",null]
6 verbose parsed url { protocol: null,
6 verbose parsed url   slashes: null,
6 verbose parsed url   auth: null,
6 verbose parsed url   host: null,
6 verbose parsed url   port: null,
6 verbose parsed url   hostname: null,
6 verbose parsed url   hash: null,
6 verbose parsed url   search: null,
6 verbose parsed url   query: null,
6 verbose parsed url   pathname: 'generator-generator',
6 verbose parsed url   path: 'generator-generator',
6 verbose parsed url   href: 'generator-generator' }
7 silly lockFile 672ab713-generator-generator generator-generator
8 verbose lock generator-generator /Users/sebastienlombard/.npm/672ab713-generator-generator.lock
9 silly lockFile 672ab713-generator-generator generator-generator
10 silly lockFile 672ab713-generator-generator generator-generator
11 verbose addNamed [ 'generator-generator', '' ]
12 verbose addNamed [ null, '*' ]
13 silly lockFile cf4482ef-generator-generator generator-generator@
14 verbose lock generator-generator@ /Users/sebastienlombard/.npm/cf4482ef-generator-generator.lock
15 silly addNameRange { name: 'generator-generator', range: '*', hasData: false }
16 verbose url raw generator-generator
17 verbose url resolving [ 'https://registry.npmjs.org/', './generator-generator' ]
18 verbose url resolved https://registry.npmjs.org/generator-generator
19 info trying registry request attempt 1 at 21:05:46
20 http GET https://registry.npmjs.org/generator-generator
21 http 200 https://registry.npmjs.org/generator-generator
22 silly registry.get cb [ 200,
22 silly registry.get   { date: 'Wed, 28 Jan 2015 20:05:47 GMT',
22 silly registry.get     server: 'CouchDB/1.5.0 (Erlang OTP/R16B03)',
22 silly registry.get     etag: '"9NBDF5BAKK45PFTP04TZ9HJ5L"',
22 silly registry.get     'content-type': 'application/json',
22 silly registry.get     'cache-control': 'max-age=60',
22 silly registry.get     'content-length': '20790',
22 silly registry.get     'accept-ranges': 'bytes',
22 silly registry.get     via: '1.1 varnish',
22 silly registry.get     age: '0',
22 silly registry.get     'x-served-by': 'cache-fra1247-FRA',
22 silly registry.get     'x-cache': 'MISS',
22 silly registry.get     'x-cache-hits': '0',
22 silly registry.get     'x-timer': 'S1422475546.848529,VS0,VE708',
22 silly registry.get     vary: 'Accept',
22 silly registry.get     'keep-alive': 'timeout=10, max=50',
22 silly registry.get     connection: 'Keep-Alive' } ]
23 silly addNameRange number 2 { name: 'generator-generator', range: '*', hasData: true }
24 silly addNameRange versions [ 'generator-generator',
24 silly addNameRange   [ '0.1.0',
24 silly addNameRange     '0.1.1',
24 silly addNameRange     '0.2.0',
24 silly addNameRange     '0.2.1',
24 silly addNameRange     '0.2.2',
24 silly addNameRange     '0.3.0',
24 silly addNameRange     '0.4.0',
24 silly addNameRange     '0.4.1',
24 silly addNameRange     '0.4.2',
24 silly addNameRange     '0.4.3',
24 silly addNameRange     '0.4.4',
24 silly addNameRange     '0.5.0',
24 silly addNameRange     '0.6.0' ] ]
25 verbose addNamed [ 'generator-generator', '0.6.0' ]
26 verbose addNamed [ '0.6.0', '0.6.0' ]
27 silly lockFile 3c9ea4e3-generator-generator-0-6-0 generator-generator@0.6.0
28 verbose lock generator-generator@0.6.0 /Users/sebastienlombard/.npm/3c9ea4e3-generator-generator-0-6-0.lock
29 silly lockFile c2ac3a22-or-generator-generator-0-6-0-tgz https://registry.npmjs.org/generator-generator/-/generator-generator-0.6.0.tgz
30 verbose lock https://registry.npmjs.org/generator-generator/-/generator-generator-0.6.0.tgz /Users/sebastienlombard/.npm/c2ac3a22-or-generator-generator-0-6-0-tgz.lock
31 verbose addRemoteTarball [ 'https://registry.npmjs.org/generator-generator/-/generator-generator-0.6.0.tgz',
31 verbose addRemoteTarball   '7e684580b6389f886cd7b035f8b8420a713ec58d' ]
32 info retry fetch attempt 1 at 21:05:47
33 verbose fetch to= /var/folders/bx/lpbwy45j7yg_040qqxyh_81m0000gn/T/npm-76469-NpnmEOa8/1422475547773-0.9207895076833665/tmp.tgz
34 http GET https://registry.npmjs.org/generator-generator/-/generator-generator-0.6.0.tgz
35 http 200 https://registry.npmjs.org/generator-generator/-/generator-generator-0.6.0.tgz
36 verbose tar unpack /var/folders/bx/lpbwy45j7yg_040qqxyh_81m0000gn/T/npm-76469-NpnmEOa8/1422475547773-0.9207895076833665/tmp.tgz
37 silly lockFile 8b76b6d5-47773-0-9207895076833665-package tar:///var/folders/bx/lpbwy45j7yg_040qqxyh_81m0000gn/T/npm-76469-NpnmEOa8/1422475547773-0.9207895076833665/package
38 verbose lock tar:///var/folders/bx/lpbwy45j7yg_040qqxyh_81m0000gn/T/npm-76469-NpnmEOa8/1422475547773-0.9207895076833665/package /Users/sebastienlombard/.npm/8b76b6d5-47773-0-9207895076833665-package.lock
39 silly lockFile 4f9e6eb7-47773-0-9207895076833665-tmp-tgz tar:///var/folders/bx/lpbwy45j7yg_040qqxyh_81m0000gn/T/npm-76469-NpnmEOa8/1422475547773-0.9207895076833665/tmp.tgz
40 verbose lock tar:///var/folders/bx/lpbwy45j7yg_040qqxyh_81m0000gn/T/npm-76469-NpnmEOa8/1422475547773-0.9207895076833665/tmp.tgz /Users/sebastienlombard/.npm/4f9e6eb7-47773-0-9207895076833665-tmp-tgz.lock
41 silly gunzTarPerm modes [ '755', '644' ]
42 silly gunzTarPerm extractEntry package.json
43 silly gunzTarPerm extractEntry README.md
44 silly gunzTarPerm extractEntry app/index.js
45 silly gunzTarPerm extractEntry app/USAGE
46 silly gunzTarPerm extractEntry app/templates/README.md
47 silly gunzTarPerm extractEntry app/templates/test-app.js
48 silly gunzTarPerm extractEntry app/templates/_package.json
49 silly gunzTarPerm extractEntry app/templates/_travis.yml
50 silly gunzTarPerm extractEntry app/templates/app/index.js
51 silly gunzTarPerm extractEntry app/templates/app/templates/_bower.json
52 silly gunzTarPerm extractEntry app/templates/app/templates/_package.json
53 silly gunzTarPerm extractEntry app/templates/editorconfig
54 silly gunzTarPerm extractEntry app/templates/gitattributes
55 silly gunzTarPerm extractEntry app/templates/gitignore
56 silly gunzTarPerm extractEntry app/templates/jshintrc
57 silly gunzTarPerm extractEntry subgenerator/index.js
58 silly gunzTarPerm extractEntry subgenerator/USAGE
59 silly gunzTarPerm extractEntry subgenerator/templates/index.js
60 silly gunzTarPerm extractEntry subgenerator/templates/test-subgenerator.js
61 silly gunzTarPerm extractEntry subgenerator/templates/templates/somefile.js
62 silly lockFile 8b76b6d5-47773-0-9207895076833665-package tar:///var/folders/bx/lpbwy45j7yg_040qqxyh_81m0000gn/T/npm-76469-NpnmEOa8/1422475547773-0.9207895076833665/package
63 silly lockFile 8b76b6d5-47773-0-9207895076833665-package tar:///var/folders/bx/lpbwy45j7yg_040qqxyh_81m0000gn/T/npm-76469-NpnmEOa8/1422475547773-0.9207895076833665/package
64 silly lockFile 4f9e6eb7-47773-0-9207895076833665-tmp-tgz tar:///var/folders/bx/lpbwy45j7yg_040qqxyh_81m0000gn/T/npm-76469-NpnmEOa8/1422475547773-0.9207895076833665/tmp.tgz
65 silly lockFile 4f9e6eb7-47773-0-9207895076833665-tmp-tgz tar:///var/folders/bx/lpbwy45j7yg_040qqxyh_81m0000gn/T/npm-76469-NpnmEOa8/1422475547773-0.9207895076833665/tmp.tgz
66 verbose tar pack [ '/Users/sebastienlombard/.npm/generator-generator/0.6.0/package.tgz',
66 verbose tar pack   '/var/folders/bx/lpbwy45j7yg_040qqxyh_81m0000gn/T/npm-76469-NpnmEOa8/1422475547773-0.9207895076833665/package' ]
67 verbose tarball /Users/sebastienlombard/.npm/generator-generator/0.6.0/package.tgz
68 verbose folder /var/folders/bx/lpbwy45j7yg_040qqxyh_81m0000gn/T/npm-76469-NpnmEOa8/1422475547773-0.9207895076833665/package
69 silly lockFile 8b76b6d5-47773-0-9207895076833665-package tar:///var/folders/bx/lpbwy45j7yg_040qqxyh_81m0000gn/T/npm-76469-NpnmEOa8/1422475547773-0.9207895076833665/package
70 verbose lock tar:///var/folders/bx/lpbwy45j7yg_040qqxyh_81m0000gn/T/npm-76469-NpnmEOa8/1422475547773-0.9207895076833665/package /Users/sebastienlombard/.npm/8b76b6d5-47773-0-9207895076833665-package.lock
71 silly lockFile 9f450235-ator-generator-0-6-0-package-tgz tar:///Users/sebastienlombard/.npm/generator-generator/0.6.0/package.tgz
72 verbose lock tar:///Users/sebastienlombard/.npm/generator-generator/0.6.0/package.tgz /Users/sebastienlombard/.npm/9f450235-ator-generator-0-6-0-package-tgz.lock
73 silly lockFile 8b76b6d5-47773-0-9207895076833665-package tar:///var/folders/bx/lpbwy45j7yg_040qqxyh_81m0000gn/T/npm-76469-NpnmEOa8/1422475547773-0.9207895076833665/package
74 silly lockFile 8b76b6d5-47773-0-9207895076833665-package tar:///var/folders/bx/lpbwy45j7yg_040qqxyh_81m0000gn/T/npm-76469-NpnmEOa8/1422475547773-0.9207895076833665/package
75 silly lockFile 9f450235-ator-generator-0-6-0-package-tgz tar:///Users/sebastienlombard/.npm/generator-generator/0.6.0/package.tgz
76 silly lockFile 9f450235-ator-generator-0-6-0-package-tgz tar:///Users/sebastienlombard/.npm/generator-generator/0.6.0/package.tgz
77 silly lockFile 8d0d2924-enerator-generator-0-6-0-package /Users/sebastienlombard/.npm/generator-generator/0.6.0/package
78 verbose lock /Users/sebastienlombard/.npm/generator-generator/0.6.0/package /Users/sebastienlombard/.npm/8d0d2924-enerator-generator-0-6-0-package.lock
79 silly lockFile 8d0d2924-enerator-generator-0-6-0-package /Users/sebastienlombard/.npm/generator-generator/0.6.0/package
80 silly lockFile 8d0d2924-enerator-generator-0-6-0-package /Users/sebastienlombard/.npm/generator-generator/0.6.0/package
81 verbose tar unpack /Users/sebastienlombard/.npm/generator-generator/0.6.0/package.tgz
82 silly lockFile 822d8cee-enerator-generator-0-6-0-package tar:///Users/sebastienlombard/.npm/generator-generator/0.6.0/package
83 verbose lock tar:///Users/sebastienlombard/.npm/generator-generator/0.6.0/package /Users/sebastienlombard/.npm/822d8cee-enerator-generator-0-6-0-package.lock
84 silly lockFile 9f450235-ator-generator-0-6-0-package-tgz tar:///Users/sebastienlombard/.npm/generator-generator/0.6.0/package.tgz
85 verbose lock tar:///Users/sebastienlombard/.npm/generator-generator/0.6.0/package.tgz /Users/sebastienlombard/.npm/9f450235-ator-generator-0-6-0-package-tgz.lock
86 silly gunzTarPerm modes [ '755', '644' ]
87 silly gunzTarPerm extractEntry package.json
88 silly gunzTarPerm extractEntry README.md
89 silly gunzTarPerm extractEntry app/index.js
90 silly gunzTarPerm extractEntry app/USAGE
91 silly gunzTarPerm extractEntry app/templates/README.md
92 silly gunzTarPerm extractEntry app/templates/test-app.js
93 silly gunzTarPerm extractEntry app/templates/_package.json
94 silly gunzTarPerm extractEntry app/templates/_travis.yml
95 silly gunzTarPerm extractEntry app/templates/app/index.js
96 silly gunzTarPerm extractEntry app/templates/app/templates/_bower.json
97 silly gunzTarPerm extractEntry app/templates/app/templates/_package.json
98 silly gunzTarPerm extractEntry app/templates/editorconfig
99 silly gunzTarPerm extractEntry app/templates/gitattributes
100 silly gunzTarPerm extractEntry app/templates/gitignore
101 silly gunzTarPerm extractEntry app/templates/jshintrc
102 silly gunzTarPerm extractEntry subgenerator/index.js
103 silly gunzTarPerm extractEntry subgenerator/USAGE
104 silly gunzTarPerm extractEntry subgenerator/templates/index.js
105 silly gunzTarPerm extractEntry subgenerator/templates/test-subgenerator.js
106 silly gunzTarPerm extractEntry subgenerator/templates/templates/somefile.js
107 silly lockFile 822d8cee-enerator-generator-0-6-0-package tar:///Users/sebastienlombard/.npm/generator-generator/0.6.0/package
108 silly lockFile 822d8cee-enerator-generator-0-6-0-package tar:///Users/sebastienlombard/.npm/generator-generator/0.6.0/package
109 silly lockFile 9f450235-ator-generator-0-6-0-package-tgz tar:///Users/sebastienlombard/.npm/generator-generator/0.6.0/package.tgz
110 silly lockFile 9f450235-ator-generator-0-6-0-package-tgz tar:///Users/sebastienlombard/.npm/generator-generator/0.6.0/package.tgz
111 verbose chmod /Users/sebastienlombard/.npm/generator-generator/0.6.0/package.tgz 644
112 verbose chown /Users/sebastienlombard/.npm/generator-generator/0.6.0/package.tgz [ 501, 20 ]
113 silly lockFile c2ac3a22-or-generator-generator-0-6-0-tgz https://registry.npmjs.org/generator-generator/-/generator-generator-0.6.0.tgz
114 silly lockFile c2ac3a22-or-generator-generator-0-6-0-tgz https://registry.npmjs.org/generator-generator/-/generator-generator-0.6.0.tgz
115 silly lockFile 3c9ea4e3-generator-generator-0-6-0 generator-generator@0.6.0
116 silly lockFile 3c9ea4e3-generator-generator-0-6-0 generator-generator@0.6.0
117 silly lockFile cf4482ef-generator-generator generator-generator@
118 silly lockFile cf4482ef-generator-generator generator-generator@
119 silly resolved [ { name: 'generator-generator',
119 silly resolved     version: '0.6.0',
119 silly resolved     description: 'Generator Generator for Yeoman',
119 silly resolved     keywords: [ 'yeoman-generator', 'generator', 'inception' ],
119 silly resolved     homepage: 'https://github.com/yeoman/generator-generator',
119 silly resolved     bugs: { url: 'https://github.com/yeoman/generator-generator/issues' },
119 silly resolved     author:
119 silly resolved      { name: 'Pascal Hartig',
119 silly resolved        email: 'phartig@rdrei.net',
119 silly resolved        url: 'http://yeoman.io' },
119 silly resolved     main: 'app/index.js',
119 silly resolved     repository:
119 silly resolved      { type: 'git',
119 silly resolved        url: 'https://github.com/yeoman/generator-generator.git' },
119 silly resolved     scripts: { test: 'mocha' },
119 silly resolved     dependencies:
119 silly resolved      { chalk: '^0.5.1',
119 silly resolved        github: '^0.2.1',
119 silly resolved        lodash: '^2.4.1',
119 silly resolved        'npm-name': '^1.0.1',
119 silly resolved        superb: '^1.0.0',
119 silly resolved        'underscore.string': '^2.4.0',
119 silly resolved        'yeoman-generator': '^0.18.1',
119 silly resolved        yosay: '^1.0.0' },
119 silly resolved     devDependencies: { mocha: '^2.0.1', mockery: '^1.4.0' },
119 silly resolved     peerDependencies: { yo: '>=1.0.0' },
119 silly resolved     engines: { node: '>=0.10.0', npm: '>=1.2.10' },
119 silly resolved     licenses: [ [Object] ],
119 silly resolved     files: [ 'app', 'subgenerator' ],
119 silly resolved     readme: '# generator-generator [![Build Status](https://secure.travis-ci.org/yeoman/generator-generator.svg?branch=master)](https://travis-ci.org/yeoman/generator-generator)\n\n> Yeoman generator for Yeoman generators  \n> Scaffolds out a new basic Yeoman generator with some sensible defaults.\n\nMaintainer: [Pascal Hartig](https://github.com/passy)\n\n![Yo dawg, I heard you like generators?](http://i.imgur.com/2gqiift.jpg)\n\n\n## Getting started\n\n- Install: `npm install -g generator-generator`\n- Run: `yo generator`\n\nIf during generation you get an error like `API rate limit exceeded`, you need to log in to GitHub\nand [create a new API token](https://github.com/settings/tokens/new), then add:\n```bash\nexport GITHUB_TOKEN=\'YOUR_NEW_TOKEN\'\n```\nto your `.bashrc`, `.zshrc`, `.profile` or another file that is run on shell initialization. In new terminal shells\nyou shouldn\'t see this error anymore.\n\n\n## Commands\n\n* `yo generator` shows a wizard for generating a new generator\n* `yo generator:subgenerator NAME` generates a subgenerator with the name NAME\n\n\n## What do you get?\n\nScaffolds out a complete project directory structure for you:\n\n    .\n    ├── app\n    │   ├── index.js\n    │   └── templates\n    │       ├── editorconfig\n    │       └── jshintrc\n    ├── .editorconfig\n    ├── .gitattributes\n    ├── .gitignore\n    ├── .jshintrc\n    ├── LICENSE\n    ├── package.json\n    ├── README.md\n    └── test\n        ├── test-creation.js\n        └── test-load.js\n\n\n## Changelog\n\n* 0.3.0\n    * Updated for generator 0.13.0.\n    * Added yo peer dependency.\n\n* 0.2.2\n    * Updated dependencies.\n\n* 0.2.1\n    * The name specified in the prompt is now used in `package.json`.\n    * `generator-generator` officially replaced the built-in generator that was\n      bundled with yo.\n\n* 0.2\n    * Added subgenerator for subgenerators\n    * Generated generator now generates package.json, component.json and\n      installs them by default.\n\n* 0.1.1\n    * Upgraded mocha to 1.9.0\n    * Include `.travis.yml`\n\n\n## Contributing\n\nSee the [contribution docs](https://github.com/yeoman/yeoman/blob/master/contributing.md).\n\nWhen submitting an issue, please follow [the\nguidelines](https://github.com/yeoman/yeoman/blob/master/contributing.md#issue-submission).\nEspecially important is to make sure Yeoman is up-to-date, and providing the\ncommand or commands that cause the issue.\n\n\n## License\n\nMIT © Pascal Hartig <phartig@rdrei.net> and other contributors\n',
119 silly resolved     readmeFilename: 'README.md',
119 silly resolved     _id: 'generator-generator@0.6.0',
119 silly resolved     dist: { shasum: '7e684580b6389f886cd7b035f8b8420a713ec58d' },
119 silly resolved     _from: 'generator-generator@',
119 silly resolved     _resolved: 'https://registry.npmjs.org/generator-generator/-/generator-generator-0.6.0.tgz' } ]
120 info install generator-generator@0.6.0 into /usr/local/lib
121 info installOne generator-generator@0.6.0
122 info /usr/local/lib/node_modules/generator-generator unbuild
123 verbose tar unpack /Users/sebastienlombard/.npm/generator-generator/0.6.0/package.tgz
124 silly lockFile 46cd8b45-node-modules-generator-generator tar:///usr/local/lib/node_modules/generator-generator
125 verbose lock tar:///usr/local/lib/node_modules/generator-generator /Users/sebastienlombard/.npm/46cd8b45-node-modules-generator-generator.lock
126 silly lockFile 9f450235-ator-generator-0-6-0-package-tgz tar:///Users/sebastienlombard/.npm/generator-generator/0.6.0/package.tgz
127 verbose lock tar:///Users/sebastienlombard/.npm/generator-generator/0.6.0/package.tgz /Users/sebastienlombard/.npm/9f450235-ator-generator-0-6-0-package-tgz.lock
128 silly gunzTarPerm modes [ '755', '644' ]
129 error Error: EACCES, mkdir '/usr/local/lib/node_modules/generator-generator'
129 error  { [Error: EACCES, mkdir '/usr/local/lib/node_modules/generator-generator']
129 error   errno: 3,
129 error   code: 'EACCES',
129 error   path: '/usr/local/lib/node_modules/generator-generator',
129 error   fstream_type: 'Directory',
129 error   fstream_path: '/usr/local/lib/node_modules/generator-generator',
129 error   fstream_class: 'DirWriter',
129 error   fstream_stack:
129 error    [ '/usr/local/lib/node_modules/npm/node_modules/fstream/lib/dir-writer.js:36:23',
129 error      '/usr/local/lib/node_modules/npm/node_modules/mkdirp/index.js:37:53',
129 error      'Object.oncomplete (fs.js:107:15)' ] }
130 error Please try running this command again as root/Administrator.
131 error System Darwin 14.0.0
132 error command "node" "/usr/local/bin/npm" "install" "-g" "generator-generator"
133 error cwd /Users/sebastienlombard/Documents/Work/Websites Dev/acid-bigcartel
134 error node -v v0.10.25
135 error npm -v 1.3.24
136 error path /usr/local/lib/node_modules/generator-generator
137 error fstream_path /usr/local/lib/node_modules/generator-generator
138 error fstream_type Directory
139 error fstream_class DirWriter
140 error code EACCES
141 error errno 3
142 error stack Error: EACCES, mkdir '/usr/local/lib/node_modules/generator-generator'
143 error fstream_stack /usr/local/lib/node_modules/npm/node_modules/fstream/lib/dir-writer.js:36:23
143 error fstream_stack /usr/local/lib/node_modules/npm/node_modules/mkdirp/index.js:37:53
143 error fstream_stack Object.oncomplete (fs.js:107:15)
144 verbose exit [ 3, true ]
